<?xml version="1.0" encoding="UTF-8"?>
<!-- Generated by org.testng.reporters.JUnitReportReporter -->
<testsuite skipped="0" hostname="MAVCHN1121264" name="Utilities.DynamicDataGeneration" tests="1" failures="0" timestamp="02 Dec 2024 12:07:22 GMT" time="0.096" errors="0">
  <testcase name="FakeData" time="0.096" classname="Utilities.DynamicDataGeneration"/>
</testsuite> <!-- Utilities.DynamicDataGeneration -->
