<?xml version="1.0" encoding="UTF-8"?>
<!-- Generated by org.testng.reporters.JUnitReportReporter -->
<testsuite skipped="0" hostname="MAVCHN1121264" name="Runner.CustomerRun" tests="3" failures="0" timestamp="06 Dec 2024 06:50:27 GMT" time="25.003" errors="0">
  <testcase name="runScenario" time="14.346" classname="Runner.CustomerRun"/>
  <testcase name="runScenario" time="8.920" classname="Runner.CustomerRun"/>
  <testcase name="runScenario" time="1.737" classname="Runner.CustomerRun"/>
</testsuite> <!-- Runner.CustomerRun -->
